[H[2Jremoved `items.json'
POUET http://www.leboncoin.fr/informatique/offres/rhone_alpes/?f=a&th=1&q=lenovo


-----

namesURL= http://www.leboncoin.fr/informatique/264014524.htm?ca=22_s
(u'11 octobre', u'08:44')
11 octobre
Datetime generated: time.struct_time(tm_year=2013, tm_mon=10, tm_mday=11, tm_hour=8, tm_min=44, tm_sec=0, tm_wday=4, tm_yday=284, tm_isdst=-1)


-----

namesURL= http://www.leboncoin.fr/informatique/262142015.htm?ca=22_s
(u'9 octobre', u'08:24')
9 octobre
Datetime generated: time.struct_time(tm_year=2013, tm_mon=10, tm_mday=9, tm_hour=8, tm_min=24, tm_sec=0, tm_wday=2, tm_yday=282, tm_isdst=-1)


-----

namesURL= http://www.leboncoin.fr/informatique/548167217.htm?ca=22_s
(u'9 octobre', u'10:39')
9 octobre
Datetime generated: time.struct_time(tm_year=2013, tm_mon=10, tm_mday=9, tm_hour=10, tm_min=39, tm_sec=0, tm_wday=2, tm_yday=282, tm_isdst=-1)


-----

namesURL= http://www.leboncoin.fr/informatique/459147541.htm?ca=22_s
(u'9 octobre', u'16:44')
9 octobre
Datetime generated: time.struct_time(tm_year=2013, tm_mon=10, tm_mday=9, tm_hour=16, tm_min=44, tm_sec=0, tm_wday=2, tm_yday=282, tm_isdst=-1)


-----

namesURL= http://www.leboncoin.fr/informatique/548408621.htm?ca=22_s
(u'9 octobre', u'17:44')
9 octobre
Datetime generated: time.struct_time(tm_year=2013, tm_mon=10, tm_mday=9, tm_hour=17, tm_min=44, tm_sec=0, tm_wday=2, tm_yday=282, tm_isdst=-1)


-----

namesURL= http://www.leboncoin.fr/informatique/548461315.htm?ca=22_s
(u'9 octobre', u'19:04')
9 octobre
Datetime generated: time.struct_time(tm_year=2013, tm_mon=10, tm_mday=9, tm_hour=19, tm_min=4, tm_sec=0, tm_wday=2, tm_yday=282, tm_isdst=-1)


-----

namesURL= http://www.leboncoin.fr/informatique/548586491.htm?ca=22_s
(u'9 octobre', u'23:37')
9 octobre
Datetime generated: time.struct_time(tm_year=2013, tm_mon=10, tm_mday=9, tm_hour=23, tm_min=37, tm_sec=0, tm_wday=2, tm_yday=282, tm_isdst=-1)


-----

namesURL= http://www.leboncoin.fr/informatique/261110686.htm?ca=22_s
(u'10 octobre', u'11:03')
10 octobre
Datetime generated: time.struct_time(tm_year=2013, tm_mon=10, tm_mday=10, tm_hour=11, tm_min=3, tm_sec=0, tm_wday=3, tm_yday=283, tm_isdst=-1)


-----

namesURL= http://www.leboncoin.fr/informatique/262390839.htm?ca=22_s
(u'10 octobre', u'11:04')
10 octobre
Datetime generated: time.struct_time(tm_year=2013, tm_mon=10, tm_mday=10, tm_hour=11, tm_min=4, tm_sec=0, tm_wday=3, tm_yday=283, tm_isdst=-1)


-----

namesURL= http://www.leboncoin.fr/informatique/548766975.htm?ca=22_s
(u'10 octobre', u'11:45')
10 octobre
Datetime generated: time.struct_time(tm_year=2013, tm_mon=10, tm_mday=10, tm_hour=11, tm_min=45, tm_sec=0, tm_wday=3, tm_yday=283, tm_isdst=-1)


-----

namesURL= http://www.leboncoin.fr/informatique/549198121.htm?ca=22_s
(u'11 octobre', u'08:12')
11 octobre
Datetime generated: time.struct_time(tm_year=2013, tm_mon=10, tm_mday=11, tm_hour=8, tm_min=12, tm_sec=0, tm_wday=4, tm_yday=284, tm_isdst=-1)


-----

namesURL= http://www.leboncoin.fr/informatique/263173091.htm?ca=22_s
(u'11 octobre', u'08:43')
11 octobre
Datetime generated: time.struct_time(tm_year=2013, tm_mon=10, tm_mday=11, tm_hour=8, tm_min=43, tm_sec=0, tm_wday=4, tm_yday=284, tm_isdst=-1)


-----

namesURL= http://www.leboncoin.fr/informatique/328673816.htm?ca=22_s
(u'11 octobre', u'08:43')
11 octobre
Datetime generated: time.struct_time(tm_year=2013, tm_mon=10, tm_mday=11, tm_hour=8, tm_min=43, tm_sec=0, tm_wday=4, tm_yday=284, tm_isdst=-1)


-----

namesURL= http://www.leboncoin.fr/informatique/261107192.htm?ca=22_s
(u'8 octobre', u'07:51')
8 octobre
Datetime generated: time.struct_time(tm_year=2013, tm_mon=10, tm_mday=8, tm_hour=7, tm_min=51, tm_sec=0, tm_wday=1, tm_yday=281, tm_isdst=-1)


-----

namesURL= http://www.leboncoin.fr/informatique/327231635.htm?ca=22_s
(u'8 octobre', u'07:52')
8 octobre
Datetime generated: time.struct_time(tm_year=2013, tm_mon=10, tm_mday=8, tm_hour=7, tm_min=52, tm_sec=0, tm_wday=1, tm_yday=281, tm_isdst=-1)


-----

namesURL= http://www.leboncoin.fr/informatique/454897270.htm?ca=22_s
(u'7 octobre', u'07:36')
7 octobre
Datetime generated: time.struct_time(tm_year=2013, tm_mon=10, tm_mday=7, tm_hour=7, tm_min=36, tm_sec=0, tm_wday=0, tm_yday=280, tm_isdst=-1)


-----

namesURL= http://www.leboncoin.fr/informatique/546920599.htm?ca=22_s
(u'7 octobre', u'08:21')
7 octobre
Datetime generated: time.struct_time(tm_year=2013, tm_mon=10, tm_mday=7, tm_hour=8, tm_min=21, tm_sec=0, tm_wday=0, tm_yday=280, tm_isdst=-1)


-----

namesURL= http://www.leboncoin.fr/informatique/547043928.htm?ca=22_s
(u'7 octobre', u'11:42')
7 octobre
Datetime generated: time.struct_time(tm_year=2013, tm_mon=10, tm_mday=7, tm_hour=11, tm_min=42, tm_sec=0, tm_wday=0, tm_yday=280, tm_isdst=-1)


-----

namesURL= http://www.leboncoin.fr/informatique/547082910.htm?ca=22_s
(u'7 octobre', u'12:48')
7 octobre
Datetime generated: time.struct_time(tm_year=2013, tm_mon=10, tm_mday=7, tm_hour=12, tm_min=48, tm_sec=0, tm_wday=0, tm_yday=280, tm_isdst=-1)


-----

namesURL= http://www.leboncoin.fr/informatique/547098710.htm?ca=22_s
(u'7 octobre', u'13:22')
7 octobre
Datetime generated: time.struct_time(tm_year=2013, tm_mon=10, tm_mday=7, tm_hour=13, tm_min=22, tm_sec=0, tm_wday=0, tm_yday=280, tm_isdst=-1)


-----

namesURL= http://www.leboncoin.fr/informatique/547101682.htm?ca=22_s
(u'7 octobre', u'13:27')
7 octobre
Datetime generated: time.struct_time(tm_year=2013, tm_mon=10, tm_mday=7, tm_hour=13, tm_min=27, tm_sec=0, tm_wday=0, tm_yday=280, tm_isdst=-1)


-----

namesURL= http://www.leboncoin.fr/informatique/547271716.htm?ca=22_s
(u'7 octobre', u'18:17')
7 octobre
Datetime generated: time.struct_time(tm_year=2013, tm_mon=10, tm_mday=7, tm_hour=18, tm_min=17, tm_sec=0, tm_wday=0, tm_yday=280, tm_isdst=-1)


-----

namesURL= http://www.leboncoin.fr/informatique/548754470.htm?ca=22_s
(u'10 octobre', u'11:24')
10 octobre
Datetime generated: time.struct_time(tm_year=2013, tm_mon=10, tm_mday=10, tm_hour=11, tm_min=24, tm_sec=0, tm_wday=3, tm_yday=283, tm_isdst=-1)


-----

namesURL= http://www.leboncoin.fr/informatique/261064907.htm?ca=22_s
(u'8 octobre', u'07:52')
8 octobre
Datetime generated: time.struct_time(tm_year=2013, tm_mon=10, tm_mday=8, tm_hour=7, tm_min=52, tm_sec=0, tm_wday=1, tm_yday=281, tm_isdst=-1)


-----

namesURL= http://www.leboncoin.fr/informatique/327344710.htm?ca=22_s
(u'8 octobre', u'07:52')
8 octobre
Datetime generated: time.struct_time(tm_year=2013, tm_mon=10, tm_mday=8, tm_hour=7, tm_min=52, tm_sec=0, tm_wday=1, tm_yday=281, tm_isdst=-1)


-----

namesURL= http://www.leboncoin.fr/informatique/262181535.htm?ca=22_s
(u'8 octobre', u'07:54')
8 octobre
Datetime generated: time.struct_time(tm_year=2013, tm_mon=10, tm_mday=8, tm_hour=7, tm_min=54, tm_sec=0, tm_wday=1, tm_yday=281, tm_isdst=-1)


-----

namesURL= http://www.leboncoin.fr/informatique/488898484.htm?ca=22_s
(u'8 octobre', u'08:14')
8 octobre
Datetime generated: time.struct_time(tm_year=2013, tm_mon=10, tm_mday=8, tm_hour=8, tm_min=14, tm_sec=0, tm_wday=1, tm_yday=281, tm_isdst=-1)


-----

namesURL= http://www.leboncoin.fr/informatique/547526507.htm?ca=22_s
(u'8 octobre', u'08:26')
8 octobre
Datetime generated: time.struct_time(tm_year=2013, tm_mon=10, tm_mday=8, tm_hour=8, tm_min=26, tm_sec=0, tm_wday=1, tm_yday=281, tm_isdst=-1)


-----

namesURL= http://www.leboncoin.fr/informatique/547671398.htm?ca=22_s
(u'8 octobre', u'12:57')
8 octobre
Datetime generated: time.struct_time(tm_year=2013, tm_mon=10, tm_mday=8, tm_hour=12, tm_min=57, tm_sec=0, tm_wday=1, tm_yday=281, tm_isdst=-1)


-----

namesURL= http://www.leboncoin.fr/informatique/489731441.htm?ca=22_s
(u'8 octobre', u'16:24')
8 octobre
Datetime generated: time.struct_time(tm_year=2013, tm_mon=10, tm_mday=8, tm_hour=16, tm_min=24, tm_sec=0, tm_wday=1, tm_yday=281, tm_isdst=-1)


-----

namesURL= http://www.leboncoin.fr/informatique/547829178.htm?ca=22_s
(u'8 octobre', u'17:28')
8 octobre
Datetime generated: time.struct_time(tm_year=2013, tm_mon=10, tm_mday=8, tm_hour=17, tm_min=28, tm_sec=0, tm_wday=1, tm_yday=281, tm_isdst=-1)


-----

namesURL= http://www.leboncoin.fr/informatique/547899723.htm?ca=22_s
(u'8 octobre', u'19:22')
8 octobre
Datetime generated: time.struct_time(tm_year=2013, tm_mon=10, tm_mday=8, tm_hour=19, tm_min=22, tm_sec=0, tm_wday=1, tm_yday=281, tm_isdst=-1)


-----

namesURL= http://www.leboncoin.fr/informatique/547927477.htm?ca=22_s
(u'8 octobre', u'20:08')
8 octobre
Datetime generated: time.struct_time(tm_year=2013, tm_mon=10, tm_mday=8, tm_hour=20, tm_min=8, tm_sec=0, tm_wday=1, tm_yday=281, tm_isdst=-1)


-----

namesURL= http://www.leboncoin.fr/informatique/548016457.htm?ca=22_s
(u'8 octobre', u'23:38')
8 octobre
Datetime generated: time.struct_time(tm_year=2013, tm_mon=10, tm_mday=8, tm_hour=23, tm_min=38, tm_sec=0, tm_wday=1, tm_yday=281, tm_isdst=-1)


-----

namesURL= http://www.leboncoin.fr/informatique/327345000.htm?ca=22_s
(u'9 octobre', u'08:23')
9 octobre
Datetime generated: time.struct_time(tm_year=2013, tm_mon=10, tm_mday=9, tm_hour=8, tm_min=23, tm_sec=0, tm_wday=2, tm_yday=282, tm_isdst=-1)
